# JRE version: Java(TM) SE Runtime Environment (17.0.14+8) (build 17.0.14+8-LTS-191)
# Java VM: Java HotSpot(TM) 64-Bit Server VM (17.0.14+8-LTS-191, mixed mode, emulated-client, sharing, tiered, compressed oops, compressed class ptrs, g1 gc, windows-amd64)
GC Precious Log:
 CPUs: 20 total, 20 available
 Memory: 16051M
 Large Page Support: Disabled
 NUMA Support: Disabled
 Compressed Oops: Enabled (Zero based)
 Heap Region Size: 2M
 Heap Min Capacity: 8M
 Heap Initial Capacity: 252M
 Heap Max Capacity: 4014M
 Pre-touch: Disabled
 Parallel Workers: 15
 Concurrent Workers: 4
 Concurrent Refinement Workers: 15
 Periodic GC: Disabled
Heap:
 garbage-first heap   total 55296K, used 19966K [0x0000000705200000, 0x0000000800000000)
  region size 2048K, 2 young (4096K), 2 survivors (4096K)
 Metaspace       used 34042K, committed 34368K, reserved 1114112K
  class space    used 4484K, committed 4608K, reserved 1048576K
GC Heap History (17 events):
Event: 0.437 GC heap before
{Heap before GC invocations=0 (full 0):
 garbage-first heap   total 258048K, used 20480K [0x0000000705200000, 0x0000000800000000)
  region size 2048K, 11 young (22528K), 0 survivors (0K)
 Metaspace       used 5508K, committed 5760K, reserved 1114112K
  class space    used 629K, committed 768K, reserved 1048576K
}
Event: 0.442 GC heap after
{Heap after GC invocations=1 (full 0):
 garbage-first heap   total 258048K, used 8139K [0x0000000705200000, 0x0000000800000000)
  region size 2048K, 2 young (4096K), 2 survivors (4096K)
 Metaspace       used 5508K, committed 5760K, reserved 1114112K
  class space    used 629K, committed 768K, reserved 1048576K
}
Event: 0.801 GC heap before
{Heap before GC invocations=1 (full 0):
 garbage-first heap   total 258048K, used 28619K [0x0000000705200000, 0x0000000800000000)
  region size 2048K, 12 young (24576K), 2 survivors (4096K)
 Metaspace       used 10960K, committed 11200K, reserved 1114112K
  class space    used 1313K, committed 1408K, reserved 1048576K
}
Event: 0.804 GC heap after
{Heap after GC invocations=2 (full 0):
 garbage-first heap   total 258048K, used 9858K [0x0000000705200000, 0x0000000800000000)
  region size 2048K, 1 young (2048K), 1 survivors (2048K)
 Metaspace       used 10960K, committed 11200K, reserved 1114112K
  class space    used 1313K, committed 1408K, reserved 1048576K
}
Event: 1.264 GC heap before
{Heap before GC invocations=2 (full 0):
 garbage-first heap   total 258048K, used 63106K [0x0000000705200000, 0x0000000800000000)
  region size 2048K, 27 young (55296K), 1 survivors (2048K)
 Metaspace       used 20596K, committed 20928K, reserved 1114112K
  class space    used 2626K, committed 2752K, reserved 1048576K
}
Event: 1.266 GC heap after
{Heap after GC invocations=3 (full 0):
 garbage-first heap   total 258048K, used 12546K [0x0000000705200000, 0x0000000800000000)
  region size 2048K, 3 young (6144K), 3 survivors (6144K)
 Metaspace       used 20596K, committed 20928K, reserved 1114112K
  class space    used 2626K, committed 2752K, reserved 1048576K
}
Event: 1.295 GC heap before
{Heap before GC invocations=3 (full 0):
 garbage-first heap   total 258048K, used 16642K [0x0000000705200000, 0x0000000800000000)
  region size 2048K, 6 young (12288K), 3 survivors (6144K)
 Metaspace       used 21231K, committed 21504K, reserved 1114112K
  class space    used 2678K, committed 2816K, reserved 1048576K
}
Event: 1.297 GC heap after
{Heap after GC invocations=4 (full 0):
 garbage-first heap   total 258048K, used 13111K [0x0000000705200000, 0x0000000800000000)
  region size 2048K, 3 young (6144K), 3 survivors (6144K)
 Metaspace       used 21231K, committed 21504K, reserved 1114112K
  class space    used 2678K, committed 2816K, reserved 1048576K
}
Event: 1.550 GC heap before
{Heap before GC invocations=5 (full 0):
 garbage-first heap   total 55296K, used 39735K [0x0000000705200000, 0x0000000800000000)
  region size 2048K, 17 young (34816K), 3 survivors (6144K)
 Metaspace       used 22089K, committed 22400K, reserved 1114112K
  class space    used 2806K, committed 2944K, reserved 1048576K
}
Event: 1.557 GC heap after
{Heap after GC invocations=6 (full 0):
 garbage-first heap   total 55296K, used 14552K [0x0000000705200000, 0x0000000800000000)
  region size 2048K, 4 young (8192K), 4 survivors (8192K)
 Metaspace       used 22089K, committed 22400K, reserved 1114112K
  class space    used 2806K, committed 2944K, reserved 1048576K
}
Event: 1.751 GC heap before
{Heap before GC invocations=6 (full 0):
 garbage-first heap   total 55296K, used 35032K [0x0000000705200000, 0x0000000800000000)
  region size 2048K, 14 young (28672K), 4 survivors (8192K)
 Metaspace       used 24487K, committed 24768K, reserved 1114112K
  class space    used 3100K, committed 3200K, reserved 1048576K
}
Event: 1.755 GC heap after
{Heap after GC invocations=7 (full 0):
 garbage-first heap   total 55296K, used 15542K [0x0000000705200000, 0x0000000800000000)
  region size 2048K, 2 young (4096K), 2 survivors (4096K)
 Metaspace       used 24487K, committed 24768K, reserved 1114112K
  class space    used 3100K, committed 3200K, reserved 1048576K
}
Event: 1.977 GC heap before
{Heap before GC invocations=7 (full 0):
 garbage-first heap   total 55296K, used 36022K [0x0000000705200000, 0x0000000800000000)
  region size 2048K, 12 young (24576K), 2 survivors (4096K)
 Metaspace       used 27230K, committed 27520K, reserved 1114112K
  class space    used 3468K, committed 3584K, reserved 1048576K
}
Event: 1.981 GC heap after
{Heap after GC invocations=8 (full 0):
 garbage-first heap   total 55296K, used 16818K [0x0000000705200000, 0x0000000800000000)
  region size 2048K, 2 young (4096K), 2 survivors (4096K)
 Metaspace       used 27230K, committed 27520K, reserved 1114112K
  class space    used 3468K, committed 3584K, reserved 1048576K
}
Event: 2.257 GC heap before
{Heap before GC invocations=8 (full 0):
 garbage-first heap   total 55296K, used 39346K [0x0000000705200000, 0x0000000800000000)
  region size 2048K, 13 young (26624K), 2 survivors (4096K)
 Metaspace       used 30933K, committed 31232K, reserved 1114112K
  class space    used 4022K, committed 4160K, reserved 1048576K
}
Event: 2.262 GC heap after
{Heap after GC invocations=9 (full 0):
 garbage-first heap   total 55296K, used 17995K [0x0000000705200000, 0x0000000800000000)
  region size 2048K, 2 young (4096K), 2 survivors (4096K)
 Metaspace       used 30933K, committed 31232K, reserved 1114112K
  class space    used 4022K, committed 4160K, reserved 1048576K
}
Event: 2.505 GC heap before
{Heap before GC invocations=9 (full 0):
 garbage-first heap   total 55296K, used 38475K [0x0000000705200000, 0x0000000800000000)
  region size 2048K, 12 young (24576K), 2 survivors (4096K)
 Metaspace       used 34042K, committed 34368K, reserved 1114112K
  class space    used 4484K, committed 4608K, reserved 1048576K
}

